# JRE version: Java(TM) SE Runtime Environment (8.0_66-b18) (build 1.8.0_66-b18)
# Java VM: Java HotSpot(TM) 64-Bit Server VM (25.66-b18 mixed mode windows-amd64 compressed oops)
Heap:
 PSYoungGen      total 129024K, used 2174K [0x00000000d5c00000, 0x00000000e1400000, 0x0000000100000000)
  eden space 116224K, 0% used [0x00000000d5c00000,0x00000000d5c00000,0x00000000dcd80000)
  from space 12800K, 16% used [0x00000000dcd80000,0x00000000dcf9f828,0x00000000dda00000)
  to   space 13312K, 0% used [0x00000000e0700000,0x00000000e0700000,0x00000000e1400000)
 ParOldGen       total 70656K, used 21965K [0x0000000081400000, 0x0000000085900000, 0x00000000d5c00000)
  object space 70656K, 31% used [0x0000000081400000,0x0000000082973790,0x0000000085900000)
 Metaspace       used 41418K, capacity 42186K, committed 42240K, reserved 1089536K
  class space    used 5612K, capacity 5870K, committed 5888K, reserved 1048576K
GC Heap History (10 events):
Event: 9.267 GC heap before
{Heap before GC invocations=8 (full 1):
 PSYoungGen      total 72192K, used 67093K [0x00000000d5c00000, 0x00000000db000000, 0x0000000100000000)
  eden space 63488K, 100% used [0x00000000d5c00000,0x00000000d9a00000,0x00000000d9a00000)
  from space 8704K, 41% used [0x00000000da780000,0x00000000dab05508,0x00000000db000000)
  to   space 11264K, 0% used [0x00000000d9a00000,0x00000000d9a00000,0x00000000da500000)
 ParOldGen       total 49664K, used 7711K [0x0000000081400000, 0x0000000084480000, 0x00000000d5c00000)
  object space 49664K, 15% used [0x0000000081400000,0x0000000081b87ec0,0x0000000084480000)
 Metaspace       used 26463K, capacity 26840K, committed 27136K, reserved 1073152K
  class space    used 3678K, capacity 3795K, committed 3840K, reserved 1048576K
Event: 9.280 GC heap after
Heap after GC invocations=8 (full 1):
 PSYoungGen      total 74752K, used 6156K [0x00000000d5c00000, 0x00000000de400000, 0x0000000100000000)
  eden space 63488K, 0% used [0x00000000d5c00000,0x00000000d5c00000,0x00000000d9a00000)
  from space 11264K, 54% used [0x00000000d9a00000,0x00000000da0033c0,0x00000000da500000)
  to   space 10240K, 0% used [0x00000000dda00000,0x00000000dda00000,0x00000000de400000)
 ParOldGen       total 49664K, used 7783K [0x0000000081400000, 0x0000000084480000, 0x00000000d5c00000)
  object space 49664K, 15% used [0x0000000081400000,0x0000000081b99ed0,0x0000000084480000)
 Metaspace       used 26463K, capacity 26840K, committed 27136K, reserved 1073152K
  class space    used 3678K, capacity 3795K, committed 3840K, reserved 1048576K
}
Event: 10.507 GC heap before
{Heap before GC invocations=9 (full 1):
 PSYoungGen      total 74752K, used 69644K [0x00000000d5c00000, 0x00000000de400000, 0x0000000100000000)
  eden space 63488K, 100% used [0x00000000d5c00000,0x00000000d9a00000,0x00000000d9a00000)
  from space 11264K, 54% used [0x00000000d9a00000,0x00000000da0033c0,0x00000000da500000)
  to   space 10240K, 0% used [0x00000000dda00000,0x00000000dda00000,0x00000000de400000)
 ParOldGen       total 49664K, used 7783K [0x0000000081400000, 0x0000000084480000, 0x00000000d5c00000)
  object space 49664K, 15% used [0x0000000081400000,0x0000000081b99ed0,0x0000000084480000)
 Metaspace       used 31982K, capacity 32500K, committed 32768K, reserved 1077248K
  class space    used 4392K, capacity 4537K, committed 4608K, reserved 1048576K
Event: 10.526 GC heap after
Heap after GC invocations=9 (full 1):
 PSYoungGen      total 126976K, used 9676K [0x00000000d5c00000, 0x00000000de400000, 0x0000000100000000)
  eden space 116736K, 0% used [0x00000000d5c00000,0x00000000d5c00000,0x00000000dce00000)
  from space 10240K, 94% used [0x00000000dda00000,0x00000000de373078,0x00000000de400000)
  to   space 11264K, 0% used [0x00000000dce00000,0x00000000dce00000,0x00000000dd900000)
 ParOldGen       total 49664K, used 7791K [0x0000000081400000, 0x0000000084480000, 0x00000000d5c00000)
  object space 49664K, 15% used [0x0000000081400000,0x0000000081b9bed0,0x0000000084480000)
 Metaspace       used 31982K, capacity 32500K, committed 32768K, reserved 1077248K
  class space    used 4392K, capacity 4537K, committed 4608K, reserved 1048576K
}
Event: 11.534 GC heap before
{Heap before GC invocations=10 (full 1):
 PSYoungGen      total 126976K, used 63868K [0x00000000d5c00000, 0x00000000de400000, 0x0000000100000000)
  eden space 116736K, 46% used [0x00000000d5c00000,0x00000000d90ec188,0x00000000dce00000)
  from space 10240K, 94% used [0x00000000dda00000,0x00000000de373078,0x00000000de400000)
  to   space 11264K, 0% used [0x00000000dce00000,0x00000000dce00000,0x00000000dd900000)
 ParOldGen       total 49664K, used 7791K [0x0000000081400000, 0x0000000084480000, 0x00000000d5c00000)
  object space 49664K, 15% used [0x0000000081400000,0x0000000081b9bed0,0x0000000084480000)
 Metaspace       used 34670K, capacity 35250K, committed 35456K, reserved 1079296K
  class space    used 4742K, capacity 4956K, committed 4992K, reserved 1048576K
Event: 11.569 GC heap after
Heap after GC invocations=10 (full 1):
 PSYoungGen      total 128000K, used 11241K [0x00000000d5c00000, 0x00000000de400000, 0x0000000100000000)
  eden space 116736K, 0% used [0x00000000d5c00000,0x00000000d5c00000,0x00000000dce00000)
  from space 11264K, 99% used [0x00000000dce00000,0x00000000dd8fa628,0x00000000dd900000)
  to   space 10240K, 0% used [0x00000000dda00000,0x00000000dda00000,0x00000000de400000)
 ParOldGen       total 49664K, used 9519K [0x0000000081400000, 0x0000000084480000, 0x00000000d5c00000)
  object space 49664K, 19% used [0x0000000081400000,0x0000000081d4bcd0,0x0000000084480000)
 Metaspace       used 34670K, capacity 35250K, committed 35456K, reserved 1079296K
  class space    used 4742K, capacity 4956K, committed 4992K, reserved 1048576K
}
Event: 11.569 GC heap before
{Heap before GC invocations=11 (full 2):
 PSYoungGen      total 128000K, used 11241K [0x00000000d5c00000, 0x00000000de400000, 0x0000000100000000)
  eden space 116736K, 0% used [0x00000000d5c00000,0x00000000d5c00000,0x00000000dce00000)
  from space 11264K, 99% used [0x00000000dce00000,0x00000000dd8fa628,0x00000000dd900000)
  to   space 10240K, 0% used [0x00000000dda00000,0x00000000dda00000,0x00000000de400000)
 ParOldGen       total 49664K, used 9519K [0x0000000081400000, 0x0000000084480000, 0x00000000d5c00000)
  object space 49664K, 19% used [0x0000000081400000,0x0000000081d4bcd0,0x0000000084480000)
 Metaspace       used 34670K, capacity 35250K, committed 35456K, reserved 1079296K
  class space    used 4742K, capacity 4956K, committed 4992K, reserved 1048576K
Event: 11.801 GC heap after
Heap after GC invocations=11 (full 2):
 PSYoungGen      total 128000K, used 0K [0x00000000d5c00000, 0x00000000de400000, 0x0000000100000000)
  eden space 116736K, 0% used [0x00000000d5c00000,0x00000000d5c00000,0x00000000dce00000)
  from space 11264K, 0% used [0x00000000dce00000,0x00000000dce00000,0x00000000dd900000)
  to   space 10240K, 0% used [0x00000000dda00000,0x00000000dda00000,0x00000000de400000)
 ParOldGen       total 70656K, used 20057K [0x0000000081400000, 0x0000000085900000, 0x00000000d5c00000)
  object space 70656K, 28% used [0x0000000081400000,0x0000000082796738,0x0000000085900000)
 Metaspace       used 34670K, capacity 35250K, committed 35456K, reserved 1079296K
  class space    used 4742K, capacity 4956K, committed 4992K, reserved 1048576K
}
Event: 15.343 GC heap before
{Heap before GC invocations=12 (full 2):
 PSYoungGen      total 128000K, used 116736K [0x00000000d5c00000, 0x00000000de400000, 0x0000000100000000)
  eden space 116736K, 100% used [0x00000000d5c00000,0x00000000dce00000,0x00000000dce00000)
  from space 11264K, 0% used [0x00000000dce00000,0x00000000dce00000,0x00000000dd900000)
  to   space 10240K, 0% used [0x00000000dda00000,0x00000000dda00000,0x00000000de400000)
 ParOldGen       total 70656K, used 20057K [0x0000000081400000, 0x0000000085900000, 0x00000000d5c00000)
  object space 70656K, 28% used [0x0000000081400000,0x0000000082796738,0x0000000085900000)
 Metaspace       used 40777K, capacity 41480K, committed 41728K, reserved 1085440K
  class space    used 5525K, capacity 5761K, committed 5888K, reserved 1048576K
Event: 15.353 GC heap after
Heap after GC invocations=12 (full 2):
 PSYoungGen      total 126464K, used 7192K [0x00000000d5c00000, 0x00000000e1700000, 0x0000000100000000)
  eden space 116224K, 0% used [0x00000000d5c00000,0x00000000d5c00000,0x00000000dcd80000)
  from space 10240K, 70% used [0x00000000dda00000,0x00000000de1060e8,0x00000000de400000)
  to   space 12800K, 0% used [0x00000000dcd80000,0x00000000dcd80000,0x00000000dda00000)
 ParOldGen       total 70656K, used 20129K [0x0000000081400000, 0x0000000085900000, 0x00000000d5c00000)
  object space 70656K, 28% used [0x0000000081400000,0x00000000827a8748,0x0000000085900000)
 Metaspace       used 40777K, capacity 41480K, committed 41728K, reserved 1085440K
  class space    used 5525K, capacity 5761K, committed 5888K, reserved 1048576K
}

